<?xml version="1.0" encoding="UTF-8"?>
<testsuite name="edu.jsu.mcis.ArgumentValuesTest" tests="1" skipped="0" failures="0" errors="0" timestamp="2014-10-02T19:16:09" hostname="Kris-PC" time="0.011">
  <properties/>
  <testcase name="testCorrectOrder" classname="edu.jsu.mcis.ArgumentValuesTest" time="0.011"/>
  <system-out><![CDATA[]]></system-out>
  <system-err><![CDATA[]]></system-err>
</testsuite>
