<?xml version="1.0" encoding="UTF-8"?>
<testsuite name="edu.jsu.mcis.ArguementParserTest" tests="2" skipped="0" failures="0" errors="0" timestamp="2014-10-01T00:30:02" hostname="SeeZeR" time="0.004">
  <properties/>
  <testcase name="testCommandLine" classname="edu.jsu.mcis.ArguementParserTest" time="0.003"/>
  <testcase name="testEmptyStrings" classname="edu.jsu.mcis.ArguementParserTest" time="0.0"/>
  <system-out><![CDATA[]]></system-out>
  <system-err><![CDATA[]]></system-err>
</testsuite>
