<?xml version="1.0" encoding="UTF-8"?>
<testsuite name="edu.jsu.mcis.OptionalArgumentTest" tests="2" skipped="0" failures="0" errors="0" timestamp="2014-10-15T00:09:19" hostname="SeeZeR" time="0.002">
  <properties/>
  <testcase name="testTypeSingleValue" classname="edu.jsu.mcis.OptionalArgumentTest" time="0.001"/>
  <testcase name="testSetOptionalArgument" classname="edu.jsu.mcis.OptionalArgumentTest" time="0.0"/>
  <system-out><![CDATA[]]></system-out>
  <system-err><![CDATA[]]></system-err>
</testsuite>
