<?xml version="1.0" encoding="UTF-8"?>
<testsuite name="edu.jsu.mcis.ArgumentParserTest" tests="9" skipped="0" failures="0" errors="0" timestamp="2014-10-14T18:47:20" hostname="SeeZeR" time="0.05">
  <properties/>
  <testcase name="testAddMultipleArguments" classname="edu.jsu.mcis.ArgumentParserTest" time="0.02"/>
  <testcase name="testAddArgDescriptions" classname="edu.jsu.mcis.ArgumentParserTest" time="0.0"/>
  <testcase name="testTypeParsing" classname="edu.jsu.mcis.ArgumentParserTest" time="0.01"/>
  <testcase name="testTooManyArgumentValues" classname="edu.jsu.mcis.ArgumentParserTest" time="0.0"/>
  <testcase name="testParseVolCalc" classname="edu.jsu.mcis.ArgumentParserTest" time="0.0"/>
  <testcase name="testOptionText" classname="edu.jsu.mcis.ArgumentParserTest" time="0.01"/>
  <testcase name="testParseSingleArgument" classname="edu.jsu.mcis.ArgumentParserTest" time="0.0"/>
  <testcase name="testAddArgTypes" classname="edu.jsu.mcis.ArgumentParserTest" time="0.0"/>
  <testcase name="testNotEnoughArgumentValues" classname="edu.jsu.mcis.ArgumentParserTest" time="0.0"/>
  <system-out><![CDATA[]]></system-out>
  <system-err><![CDATA[]]></system-err>
</testsuite>
