<?xml version="1.0" encoding="UTF-8"?>
<testsuite name="edu.jsu.mcis.ParserTest" tests="1" skipped="0" failures="0" errors="0" timestamp="2014-09-30T18:40:46" hostname="ALIX" time="0.004">
  <properties/>
  <testcase name="fooTest" classname="edu.jsu.mcis.ParserTest" time="0.004"/>
  <system-out><![CDATA[]]></system-out>
  <system-err><![CDATA[]]></system-err>
</testsuite>
