<?xml version="1.0" encoding="UTF-8"?>
<testsuite name="edu.jsu.mcis.ParserTest" tests="1" skipped="0" failures="0" errors="0" timestamp="2014-10-01T01:27:24" hostname="SeeZeR" time="0.001">
  <properties/>
  <testcase name="fooTest" classname="edu.jsu.mcis.ParserTest" time="0.001"/>
  <system-out><![CDATA[]]></system-out>
  <system-err><![CDATA[]]></system-err>
</testsuite>
