<?xml version="1.0" encoding="UTF-8"?>
<testsuite name="edu.jsu.mcis.ArguementParserTest" tests="2" skipped="0" failures="0" errors="0" timestamp="2014-10-02T19:16:08" hostname="Kris-PC" time="0.201">
  <properties/>
  <testcase name="testCommandLine" classname="edu.jsu.mcis.ArguementParserTest" time="0.199"/>
  <testcase name="testEmptyStrings" classname="edu.jsu.mcis.ArguementParserTest" time="0.001"/>
  <system-out><![CDATA[]]></system-out>
  <system-err><![CDATA[]]></system-err>
</testsuite>
