<?xml version="1.0" encoding="UTF-8"?>
<testsuite name="edu.jsu.mcis.ArgumentTest" tests="6" skipped="0" failures="0" errors="0" timestamp="2014-11-28T21:10:00" hostname="Kris-PC" time="0.0">
  <properties/>
  <testcase name="testGetNumValues" classname="edu.jsu.mcis.ArgumentTest" time="0.0"/>
  <testcase name="testGetShort" classname="edu.jsu.mcis.ArgumentTest" time="0.0"/>
  <testcase name="testArgumentToString" classname="edu.jsu.mcis.ArgumentTest" time="0.0"/>
  <testcase name="testOverloadedConstructor" classname="edu.jsu.mcis.ArgumentTest" time="0.0"/>
  <testcase name="testHashCode" classname="edu.jsu.mcis.ArgumentTest" time="0.0"/>
  <testcase name="testEquals" classname="edu.jsu.mcis.ArgumentTest" time="0.0"/>
  <system-out><![CDATA[]]></system-out>
  <system-err><![CDATA[]]></system-err>
</testsuite>
