<?xml version="1.0" encoding="UTF-8"?>
<testsuite name="edu.jsu.mcis.ArgumentParserTest" tests="18" skipped="0" failures="0" errors="0" timestamp="2014-11-04T00:15:33" hostname="ALIX" time="0.093">
  <properties/>
  <testcase name="testAddMultipleArguments" classname="edu.jsu.mcis.ArgumentParserTest" time="0.0"/>
  <testcase name="testAddArgDescriptions" classname="edu.jsu.mcis.ArgumentParserTest" time="0.0"/>
  <testcase name="testShortName" classname="edu.jsu.mcis.ArgumentParserTest" time="0.015"/>
  <testcase name="testOptionalArgumentAsFlag" classname="edu.jsu.mcis.ArgumentParserTest" time="0.0"/>
  <testcase name="testTypeParsing" classname="edu.jsu.mcis.ArgumentParserTest" time="0.0"/>
  <testcase name="testOptionalArgumentValues" classname="edu.jsu.mcis.ArgumentParserTest" time="0.0"/>
  <testcase name="testTooManyArgumentValues" classname="edu.jsu.mcis.ArgumentParserTest" time="0.0"/>
  <testcase name="testReadingOptionalArgumentAtEnd" classname="edu.jsu.mcis.ArgumentParserTest" time="0.0"/>
  <testcase name="testOptionalArgumentsWithDefaults" classname="edu.jsu.mcis.ArgumentParserTest" time="0.0"/>
  <testcase name="testReadingMoreOptionalArguments" classname="edu.jsu.mcis.ArgumentParserTest" time="0.032"/>
  <testcase name="testParseVolCalc" classname="edu.jsu.mcis.ArgumentParserTest" time="0.0"/>
  <testcase name="testXMLParsing" classname="edu.jsu.mcis.ArgumentParserTest" time="0.046"/>
  <testcase name="testAddProgram" classname="edu.jsu.mcis.ArgumentParserTest" time="0.0"/>
  <testcase name="testParseSingleArgument" classname="edu.jsu.mcis.ArgumentParserTest" time="0.0"/>
  <testcase name="testAddArgTypes" classname="edu.jsu.mcis.ArgumentParserTest" time="0.0"/>
  <testcase name="testOptionalArgumentDescription" classname="edu.jsu.mcis.ArgumentParserTest" time="0.0"/>
  <testcase name="testOptionalArgumentOverrideDefaultValue" classname="edu.jsu.mcis.ArgumentParserTest" time="0.0"/>
  <testcase name="testNotEnoughArgumentValues" classname="edu.jsu.mcis.ArgumentParserTest" time="0.0"/>
  <system-out><![CDATA[usage: java null length width height 
null
Positional Arguments:
length		
width		
height		

]]></system-out>
  <system-err><![CDATA[]]></system-err>
</testsuite>
