<?xml version="1.0" encoding="UTF-8"?>
<testsuite name="edu.jsu.mcis.OptionalArgumentTest" tests="4" skipped="0" failures="0" errors="0" timestamp="2014-11-04T02:00:29" hostname="ALIX" time="0.0">
  <properties/>
  <testcase name="testShortName" classname="edu.jsu.mcis.OptionalArgumentTest" time="0.0"/>
  <testcase name="testTypeSingleValue" classname="edu.jsu.mcis.OptionalArgumentTest" time="0.0"/>
  <testcase name="testSetOptionalArgument" classname="edu.jsu.mcis.OptionalArgumentTest" time="0.0"/>
  <testcase name="testEquals" classname="edu.jsu.mcis.OptionalArgumentTest" time="0.0"/>
  <system-out><![CDATA[]]></system-out>
  <system-err><![CDATA[]]></system-err>
</testsuite>
