<?xml version="1.0" encoding="UTF-8"?>
<testsuite name="edu.jsu.mcis.ArgumentParserTest" tests="2" skipped="0" failures="0" errors="0" timestamp="2014-10-03T01:25:29" hostname="ALIX" time="0.008">
  <properties/>
  <testcase name="testNotEnoughArguments" classname="edu.jsu.mcis.ArgumentParserTest" time="0.006"/>
  <testcase name="testTooManyArguments" classname="edu.jsu.mcis.ArgumentParserTest" time="0.001"/>
  <system-out><![CDATA[]]></system-out>
  <system-err><![CDATA[]]></system-err>
</testsuite>
