<?xml version="1.0" encoding="UTF-8"?>
<testsuite name="edu.jsu.mcis.ArguementParserTest" tests="2" skipped="0" failures="0" errors="0" timestamp="2014-10-03T22:56:34" hostname="ALIX" time="0.005">
  <properties/>
  <testcase name="testCommandLine" classname="edu.jsu.mcis.ArguementParserTest" time="0.005"/>
  <testcase name="testEmptyStrings" classname="edu.jsu.mcis.ArguementParserTest" time="0.0"/>
  <system-out><![CDATA[]]></system-out>
  <system-err><![CDATA[]]></system-err>
</testsuite>
