<?xml version="1.0" encoding="UTF-8"?>
<testsuite name="edu.jsu.mcis.XMLParserTest" tests="5" skipped="0" failures="0" errors="0" timestamp="2014-11-12T01:51:27" hostname="Kris-PC" time="0.06">
  <properties/>
  <testcase name="testXMLParsingArguments" classname="edu.jsu.mcis.XMLParserTest" time="0.003"/>
  <testcase name="testXMLParserOptionalTypes" classname="edu.jsu.mcis.XMLParserTest" time="0.045"/>
  <testcase name="testXMLParsingOptional" classname="edu.jsu.mcis.XMLParserTest" time="0.004"/>
  <testcase name="testXMLParserTypes" classname="edu.jsu.mcis.XMLParserTest" time="0.004"/>
  <testcase name="testXMLHelp" classname="edu.jsu.mcis.XMLParserTest" time="0.003"/>
  <system-out><![CDATA[usage: java null length width height booleanTest 
null
Positional Arguments:
length float		length of the box
width string		width of the box
height string		height of the box
booleanTest boolean		height of the box

Optional Arguments:
--help string		help center
--type string		Type of shape
--int string		Type of shape
--float float		Type of shape

SAXException : xml not well formed
IO error
usage: java null length width height 
null
Positional Arguments:
length float		length of the box
width float		width of the box
height float		height of the box

Optional Arguments:
--help string		help center
--type string		Type of shape

usage: java null length width height 
null
Positional Arguments:
length float		length of the box
width float		width of the box
height float		height of the box

Optional Arguments:
--help string		help center
--type string		Type of shape

]]></system-out>
  <system-err><![CDATA[]]></system-err>
</testsuite>
