<?xml version="1.0" encoding="UTF-8"?>
<testsuite name="edu.jsu.mcis.ArgumentParserTest" tests="14" skipped="0" failures="0" errors="0" timestamp="2014-10-09T23:53:55" hostname="SeeZeR" time="0.02">
  <properties/>
  <testcase name="testAddMultipleArguments" classname="edu.jsu.mcis.ArgumentParserTest" time="0.0"/>
  <testcase name="testNotEnoughArguments" classname="edu.jsu.mcis.ArgumentParserTest" time="0.0"/>
  <testcase name="testOptionalArguments" classname="edu.jsu.mcis.ArgumentParserTest" time="0.0"/>
  <testcase name="testgetArgumentType" classname="edu.jsu.mcis.ArgumentParserTest" time="0.0"/>
  <testcase name="testAddSingleArgument" classname="edu.jsu.mcis.ArgumentParserTest" time="0.0"/>
  <testcase name="testParseType" classname="edu.jsu.mcis.ArgumentParserTest" time="0.0"/>
  <testcase name="testTooManyArguments" classname="edu.jsu.mcis.ArgumentParserTest" time="0.0"/>
  <testcase name="testOptionalArgumentAtEnd" classname="edu.jsu.mcis.ArgumentParserTest" time="0.0"/>
  <testcase name="testVolCalc" classname="edu.jsu.mcis.ArgumentParserTest" time="0.0"/>
  <testcase name="testOptionText" classname="edu.jsu.mcis.ArgumentParserTest" time="0.0"/>
  <testcase name="testParseSingleArgument" classname="edu.jsu.mcis.ArgumentParserTest" time="0.0"/>
  <testcase name="testNotEnoughArgumentsType" classname="edu.jsu.mcis.ArgumentParserTest" time="0.0"/>
  <testcase name="testTooManyArgumentsType" classname="edu.jsu.mcis.ArgumentParserTest" time="0.0"/>
  <testcase name="testOptionalArgumentAnywhere" classname="edu.jsu.mcis.ArgumentParserTest" time="0.01"/>
  <system-out><![CDATA[]]></system-out>
  <system-err><![CDATA[]]></system-err>
</testsuite>
