<?xml version="1.0" encoding="UTF-8"?>
<testsuite name="edu.jsu.mcis.XMLParserTest" tests="5" skipped="0" failures="0" errors="0" timestamp="2014-11-11T19:16:59" hostname="AH259-06" time="0.097">
  <properties/>
  <testcase name="testXMLParsingArguments" classname="edu.jsu.mcis.XMLParserTest" time="0.018"/>
  <testcase name="testXMLParserOptionalTypes" classname="edu.jsu.mcis.XMLParserTest" time="0.046"/>
  <testcase name="testXMLParsingOptional" classname="edu.jsu.mcis.XMLParserTest" time="0.007"/>
  <testcase name="testXMLParserTypes" classname="edu.jsu.mcis.XMLParserTest" time="0.013"/>
  <testcase name="testXMLHelp" classname="edu.jsu.mcis.XMLParserTest" time="0.008"/>
  <system-out><![CDATA[Running the test for Shortname
Running the test for Shortname
Running the test for Shortname
Running the test for Shortname
Running the test for Shortname
Running the test for Shortname
Running the test for Shortname
Running the test for Shortname
-t is in the list
usage: java null length width height booleanTest 
null
Positional Arguments:
length float		length of the box
width string		width of the box
height string		height of the box
booleanTest boolean		height of the box

SAXException : xml not well formed
IO error
Running the test for Shortname
Running the test for Shortname
Running the test for Shortname
Running the test for Shortname
-t is in the list
usage: java null length width height 
null
Positional Arguments:
length float		length of the box
width float		width of the box
height float		height of the box

Running the test for Shortname
Running the test for Shortname
Running the test for Shortname
Running the test for Shortname
Running the test for Shortname
-t is in the list
usage: java null length width height 
null
Positional Arguments:
length float		length of the box
width float		width of the box
height float		height of the box

]]></system-out>
  <system-err><![CDATA[]]></system-err>
</testsuite>
