<?xml version="1.0" encoding="UTF-8"?>
<testsuite name="edu.jsu.mcis.XMLParserTest" tests="9" skipped="0" failures="0" errors="0" timestamp="2014-12-03T22:24:20" hostname="Kris-PC" time="0.124">
  <properties/>
  <testcase name="testRestricted" classname="edu.jsu.mcis.XMLParserTest" time="0.015"/>
  <testcase name="testRequiredOptionalArguments" classname="edu.jsu.mcis.XMLParserTest" time="0.0"/>
  <testcase name="testXMLParsingArguments" classname="edu.jsu.mcis.XMLParserTest" time="0.016"/>
  <testcase name="testXMLMultipleValues" classname="edu.jsu.mcis.XMLParserTest" time="0.0"/>
  <testcase name="testXMLParserOptionalTypes" classname="edu.jsu.mcis.XMLParserTest" time="0.031"/>
  <testcase name="testXMLParsingOptional" classname="edu.jsu.mcis.XMLParserTest" time="0.047"/>
  <testcase name="testXMLParserTypes" classname="edu.jsu.mcis.XMLParserTest" time="0.015"/>
  <testcase name="testXMLRequired" classname="edu.jsu.mcis.XMLParserTest" time="0.0"/>
  <testcase name="testXMLHelp" classname="edu.jsu.mcis.XMLParserTest" time="0.0"/>
  <system-out><![CDATA[usage: java null length width height booleanTest 
null
Positional Arguments:
length float		length of the box
width string		width of the box
height string		height of the box
booleanTest boolean		height of the box

Optional Arguments:
--help -h boolean		
--type -t string		Type of shape
--int -t string		Type of shape
--float -t float		Type of shape

SAXException : xml not well formed
IO error
usage: java null length width height 
null
Positional Arguments:
length float		length of the box
width float		width of the box
height float & restricted to: 3.0 2.0 5.0		height of the box

Optional Arguments:
--help -h boolean		
--type -t string		Garrett is awesome!
--req -r string required		tester argument

usage: java null length width height 
null
Positional Arguments:
length float		length of the box
width float		width of the box
height float & restricted to: 3.0 2.0 5.0		height of the box

Optional Arguments:
--help -h boolean		
--type -t string		Garrett is awesome!
--req -r string required		tester argument

]]></system-out>
  <system-err><![CDATA[]]></system-err>
</testsuite>
