<?xml version="1.0" encoding="UTF-8"?>
<testsuite name="edu.jsu.mcis.ArgumentParserTest" tests="34" skipped="0" failures="0" errors="0" timestamp="2014-11-18T02:25:55" hostname="Kris-PC" time="0.184">
  <properties/>
  <testcase name="testAddMultipleArguments" classname="edu.jsu.mcis.ArgumentParserTest" time="0.021"/>
  <testcase name="testGetNumberValues" classname="edu.jsu.mcis.ArgumentParserTest" time="0.0"/>
  <testcase name="testAddArgDescriptions" classname="edu.jsu.mcis.ArgumentParserTest" time="0.001"/>
  <testcase name="testCatchWrongDataTypeForBoolean" classname="edu.jsu.mcis.ArgumentParserTest" time="0.005"/>
  <testcase name="testOutputXML" classname="edu.jsu.mcis.ArgumentParserTest" time="0.001"/>
  <testcase name="testRequiredOptionalArguments" classname="edu.jsu.mcis.ArgumentParserTest" time="0.0"/>
  <testcase name="testShortName" classname="edu.jsu.mcis.ArgumentParserTest" time="0.016"/>
  <testcase name="testOptionalArgumentAsFlag" classname="edu.jsu.mcis.ArgumentParserTest" time="0.001"/>
  <testcase name="testXMLFileWriting" classname="edu.jsu.mcis.ArgumentParserTest" time="0.074"/>
  <testcase name="testParseRestrictedArgumentValues" classname="edu.jsu.mcis.ArgumentParserTest" time="0.001"/>
  <testcase name="testOptionalArgumentValues" classname="edu.jsu.mcis.ArgumentParserTest" time="0.001"/>
  <testcase name="testTooManyArgumentValues" classname="edu.jsu.mcis.ArgumentParserTest" time="0.001"/>
  <testcase name="testSetRequiredOptionalArguments" classname="edu.jsu.mcis.ArgumentParserTest" time="0.0"/>
  <testcase name="testReadingOptionalArgumentAtEnd" classname="edu.jsu.mcis.ArgumentParserTest" time="0.0"/>
  <testcase name="testOptionalArgumentsWithDefaults" classname="edu.jsu.mcis.ArgumentParserTest" time="0.001"/>
  <testcase name="testParsingRestricted" classname="edu.jsu.mcis.ArgumentParserTest" time="0.002"/>
  <testcase name="testReadingMoreOptionalArguments" classname="edu.jsu.mcis.ArgumentParserTest" time="0.04"/>
  <testcase name="testParseVolCalc" classname="edu.jsu.mcis.ArgumentParserTest" time="0.0"/>
  <testcase name="testDataTypeParsing" classname="edu.jsu.mcis.ArgumentParserTest" time="0.0"/>
  <testcase name="testCatchWrongDataTypeForInteger" classname="edu.jsu.mcis.ArgumentParserTest" time="0.001"/>
  <testcase name="testSetRestrictedOptionalArgumentValues" classname="edu.jsu.mcis.ArgumentParserTest" time="0.0"/>
  <testcase name="testOptionText" classname="edu.jsu.mcis.ArgumentParserTest" time="0.0"/>
  <testcase name="testAddProgram" classname="edu.jsu.mcis.ArgumentParserTest" time="0.0"/>
  <testcase name="testParseSingleArgument" classname="edu.jsu.mcis.ArgumentParserTest" time="0.0"/>
  <testcase name="testParseRestrictedOptionalArgumentValues" classname="edu.jsu.mcis.ArgumentParserTest" time="0.0"/>
  <testcase name="testOptionalArgumentDescription" classname="edu.jsu.mcis.ArgumentParserTest" time="0.0"/>
  <testcase name="testAddArgDataTypes" classname="edu.jsu.mcis.ArgumentParserTest" time="0.0"/>
  <testcase name="testSetRestrictedArgumentValues" classname="edu.jsu.mcis.ArgumentParserTest" time="0.0"/>
  <testcase name="testSetRestrictedOptionalArgumentValuesWithInvalidType" classname="edu.jsu.mcis.ArgumentParserTest" time="0.001"/>
  <testcase name="testSetRestrictedArgumentValuesWithInvalidType" classname="edu.jsu.mcis.ArgumentParserTest" time="0.0"/>
  <testcase name="testGetOptionalArgumentDataType" classname="edu.jsu.mcis.ArgumentParserTest" time="0.0"/>
  <testcase name="testCatchWrongDataTypeForFloat" classname="edu.jsu.mcis.ArgumentParserTest" time="0.0"/>
  <testcase name="testOptionalArgumentOverrideDefaultValue" classname="edu.jsu.mcis.ArgumentParserTest" time="0.0"/>
  <testcase name="testNotEnoughArgumentValues" classname="edu.jsu.mcis.ArgumentParserTest" time="0.002"/>
  <system-out><![CDATA[usage: java null length width height 
null
Positional Arguments:
length string		
width string		
height string		

Optional Arguments:
help boolean		
type string		
actor string		

usage: java VolCalc length width height 
Calculate the volume of a box
Positional Arguments:
length integer		the length of the box
width float		the width of the box
height float		the height of the box

Optional Arguments:
help boolean		

<?xml version="1.0" encoding="UTF-8"?>
<arguments>
	<optionalArgument>
		<name>help</name>
		<numValues>0</numValues>
		<type>Boolean</type>
		<description></description>
		<value>null</value>
		<shortName>h</shortName>
	</optionalArgument>
	<argument>
		<name>length</name>
		<type>String</type>
		<description></description>
	</argument>
	<argument>
		<name>width</name>
		<type>String</type>
		<description></description>
	</argument>
	<argument>
		<name>height</name>
		<type>String</type>
		<description></description>
	</argument>
</arguments>
<?xml version="1.0" encoding="UTF-8"?>
<arguments>
	<optionalArgument>
		<name>help</name>
		<numValues>0</numValues>
		<type>Boolean</type>
		<description></description>
		<value>null</value>
		<shortName>h</shortName>
	</optionalArgument>
	<argument>
		<name>length</name>
		<type>String</type>
		<description></description>
	</argument>
	<argument>
		<name>width</name>
		<type>String</type>
		<description></description>
	</argument>
	<argument>
		<name>height</name>
		<type>String</type>
		<description></description>
	</argument>
</arguments>
]]></system-out>
  <system-err><![CDATA[]]></system-err>
</testsuite>
