<?xml version="1.0" encoding="UTF-8"?>
<testsuite name="edu.jsu.mcis.ArgumentParserTest" tests="9" skipped="0" failures="0" errors="0" timestamp="2014-10-04T09:17:48" hostname="SeeZeR" time="0.149">
  <properties/>
  <testcase name="testAddMultipleArguments" classname="edu.jsu.mcis.ArgumentParserTest" time="0.016"/>
  <testcase name="testNotEnoughArguments" classname="edu.jsu.mcis.ArgumentParserTest" time="0.009"/>
  <testcase name="testgetArgumentType" classname="edu.jsu.mcis.ArgumentParserTest" time="0.0"/>
  <testcase name="testAddSingleArgument" classname="edu.jsu.mcis.ArgumentParserTest" time="0.0"/>
  <testcase name="testParseType" classname="edu.jsu.mcis.ArgumentParserTest" time="0.11"/>
  <testcase name="testTooManyArguments" classname="edu.jsu.mcis.ArgumentParserTest" time="0.001"/>
  <testcase name="testVolCalc" classname="edu.jsu.mcis.ArgumentParserTest" time="0.001"/>
  <testcase name="testOptionText" classname="edu.jsu.mcis.ArgumentParserTest" time="0.001"/>
  <testcase name="testParseSingleArgument" classname="edu.jsu.mcis.ArgumentParserTest" time="0.001"/>
  <system-out><![CDATA[Integer
Float
Boolean
]]></system-out>
  <system-err><![CDATA[]]></system-err>
</testsuite>
