<?xml version="1.0" encoding="UTF-8"?>
<testsuite name="edu.jsu.mcis.ArgumentParserTest" tests="23" skipped="0" failures="0" errors="0" timestamp="2014-11-11T19:21:19" hostname="AH259-06" time="0.177">
  <properties/>
  <testcase name="testAddMultipleArguments" classname="edu.jsu.mcis.ArgumentParserTest" time="0.008"/>
  <testcase name="testAddArgDescriptions" classname="edu.jsu.mcis.ArgumentParserTest" time="0.001"/>
  <testcase name="testCatchWrongDataTypeForBoolean" classname="edu.jsu.mcis.ArgumentParserTest" time="0.042"/>
  <testcase name="testOutputXML" classname="edu.jsu.mcis.ArgumentParserTest" time="0.001"/>
  <testcase name="testShortName" classname="edu.jsu.mcis.ArgumentParserTest" time="0.005"/>
  <testcase name="testOptionalArgumentAsFlag" classname="edu.jsu.mcis.ArgumentParserTest" time="0.002"/>
  <testcase name="testXMLFileWriting" classname="edu.jsu.mcis.ArgumentParserTest" time="0.059"/>
  <testcase name="testOptionalArgumentValues" classname="edu.jsu.mcis.ArgumentParserTest" time="0.003"/>
  <testcase name="testTooManyArgumentValues" classname="edu.jsu.mcis.ArgumentParserTest" time="0.004"/>
  <testcase name="testReadingOptionalArgumentAtEnd" classname="edu.jsu.mcis.ArgumentParserTest" time="0.002"/>
  <testcase name="testOptionalArgumentsWithDefaults" classname="edu.jsu.mcis.ArgumentParserTest" time="0.002"/>
  <testcase name="testReadingMoreOptionalArguments" classname="edu.jsu.mcis.ArgumentParserTest" time="0.006"/>
  <testcase name="testParseVolCalc" classname="edu.jsu.mcis.ArgumentParserTest" time="0.003"/>
  <testcase name="testDataTypeParsing" classname="edu.jsu.mcis.ArgumentParserTest" time="0.003"/>
  <testcase name="testCatchWrongDataTypeForInteger" classname="edu.jsu.mcis.ArgumentParserTest" time="0.001"/>
  <testcase name="testOptionText" classname="edu.jsu.mcis.ArgumentParserTest" time="0.008"/>
  <testcase name="testAddProgram" classname="edu.jsu.mcis.ArgumentParserTest" time="0.001"/>
  <testcase name="testParseSingleArgument" classname="edu.jsu.mcis.ArgumentParserTest" time="0.001"/>
  <testcase name="testOptionalArgumentDescription" classname="edu.jsu.mcis.ArgumentParserTest" time="0.001"/>
  <testcase name="testAddArgDataTypes" classname="edu.jsu.mcis.ArgumentParserTest" time="0.001"/>
  <testcase name="testCatchWrongDataTypeForFloat" classname="edu.jsu.mcis.ArgumentParserTest" time="0.001"/>
  <testcase name="testOptionalArgumentOverrideDefaultValue" classname="edu.jsu.mcis.ArgumentParserTest" time="0.001"/>
  <testcase name="testNotEnoughArgumentValues" classname="edu.jsu.mcis.ArgumentParserTest" time="0.001"/>
  <system-out><![CDATA[Running the test for Shortname
Running the test for Shortname
-t is in the list
We're inside the else
Running the test for Shortname
-t is in the list
We're inside the else if
Running the test for Shortname
Running the test for Shortname
-t is in the list
We're inside the else
Running the test for Shortname
Running the test for Shortname
Running the test for Shortname
Running the test for Shortname
Running the test for Shortname
Running the test for Shortname
Running the test for Shortname
Running the test for Shortname
Running the test for Shortname
-t is in the list
We're inside the else
Running the test for Shortname
Running the test for Shortname
Running the test for Shortname
Running the test for Shortname
Running the test for Shortname
-t is in the list
We're inside the else if
Running the test for Shortname
Running the test for Shortname
Running the test for Shortname
-t is in the list
usage: java null length width height 
null
Positional Arguments:
length 		
width 		
height 		

Running the test for Shortname
Running the test for Shortname
Running the test for Shortname
Running the test for Shortname
Running the test for Shortname
Running the test for Shortname
Running the test for Shortname
Running the test for Shortname
Running the test for Shortname
-t is in the list
usage: java VolCalc length width height 
Calculate the volume of a box
Positional Arguments:
length integer		the length of the box
width float		the width of the box
height float		the height of the box

Running the test for Shortname
Running the test for Shortname
Running the test for Shortname
-t is in the list
We're inside the else
Running the test for Shortname
Running the test for Shortname
-t is in the list
We're inside the else
Running the test for Shortname
]]></system-out>
  <system-err><![CDATA[]]></system-err>
</testsuite>
