<?xml version="1.0" encoding="UTF-8"?>
<testsuite name="edu.jsu.mcis.OptionalArgumentTest" tests="6" skipped="0" failures="0" errors="0" timestamp="2014-11-18T02:25:55" hostname="Kris-PC" time="0.002">
  <properties/>
  <testcase name="testShortName" classname="edu.jsu.mcis.OptionalArgumentTest" time="0.0"/>
  <testcase name="testDataTypeSingleValue" classname="edu.jsu.mcis.OptionalArgumentTest" time="0.0"/>
  <testcase name="testOptionalArgumentToString" classname="edu.jsu.mcis.OptionalArgumentTest" time="0.0"/>
  <testcase name="testRequired" classname="edu.jsu.mcis.OptionalArgumentTest" time="0.0"/>
  <testcase name="testSetOptionalArgument" classname="edu.jsu.mcis.OptionalArgumentTest" time="0.001"/>
  <testcase name="testEquals" classname="edu.jsu.mcis.OptionalArgumentTest" time="0.0"/>
  <system-out><![CDATA[]]></system-out>
  <system-err><![CDATA[]]></system-err>
</testsuite>
