<?xml version="1.0" encoding="UTF-8"?>
<testsuite name="edu.jsu.mcis.ArgumentParserTest" tests="43" skipped="0" failures="0" errors="0" timestamp="2014-12-03T17:59:46" hostname="ALIX" time="0.125">
  <properties/>
  <testcase name="testAddMultipleArguments" classname="edu.jsu.mcis.ArgumentParserTest" time="0.0"/>
  <testcase name="testGetNumberValues" classname="edu.jsu.mcis.ArgumentParserTest" time="0.0"/>
  <testcase name="testAddArgDescriptions" classname="edu.jsu.mcis.ArgumentParserTest" time="0.0"/>
  <testcase name="testOptionTextWithRestrictedAndRequired" classname="edu.jsu.mcis.ArgumentParserTest" time="0.032"/>
  <testcase name="testSetInvalidGroupNumber" classname="edu.jsu.mcis.ArgumentParserTest" time="0.015"/>
  <testcase name="testCatchWrongDataTypeForBoolean" classname="edu.jsu.mcis.ArgumentParserTest" time="0.0"/>
  <testcase name="testOutputXML" classname="edu.jsu.mcis.ArgumentParserTest" time="0.0"/>
  <testcase name="testaddRestrictedOptionalArgumentValues" classname="edu.jsu.mcis.ArgumentParserTest" time="0.0"/>
  <testcase name="testRequiredOptionalArguments" classname="edu.jsu.mcis.ArgumentParserTest" time="0.0"/>
  <testcase name="testShortName" classname="edu.jsu.mcis.ArgumentParserTest" time="0.0"/>
  <testcase name="testOptionalArgumentAsFlag" classname="edu.jsu.mcis.ArgumentParserTest" time="0.0"/>
  <testcase name="testaddRestrictedArgumentValuesWithInvalidType" classname="edu.jsu.mcis.ArgumentParserTest" time="0.0"/>
  <testcase name="testXMLFileWriting" classname="edu.jsu.mcis.ArgumentParserTest" time="0.047"/>
  <testcase name="testParseRestrictedArgumentValues" classname="edu.jsu.mcis.ArgumentParserTest" time="0.0"/>
  <testcase name="testOptionalArgumentValues" classname="edu.jsu.mcis.ArgumentParserTest" time="0.0"/>
  <testcase name="testTooManyArgumentValues" classname="edu.jsu.mcis.ArgumentParserTest" time="0.0"/>
  <testcase name="testSetRequiredOptionalArguments" classname="edu.jsu.mcis.ArgumentParserTest" time="0.0"/>
  <testcase name="testReadingOptionalArgumentAtEnd" classname="edu.jsu.mcis.ArgumentParserTest" time="0.0"/>
  <testcase name="testOptionalArgumentsWithDefaults" classname="edu.jsu.mcis.ArgumentParserTest" time="0.0"/>
  <testcase name="testParsingRestricted" classname="edu.jsu.mcis.ArgumentParserTest" time="0.0"/>
  <testcase name="testReadingMoreOptionalArguments" classname="edu.jsu.mcis.ArgumentParserTest" time="0.0"/>
  <testcase name="testParseVolCalc" classname="edu.jsu.mcis.ArgumentParserTest" time="0.0"/>
  <testcase name="testMultipleValues" classname="edu.jsu.mcis.ArgumentParserTest" time="0.0"/>
  <testcase name="testaddRestrictedOptionalArgumentValuesWithInvalidType" classname="edu.jsu.mcis.ArgumentParserTest" time="0.0"/>
  <testcase name="testDataTypeParsing" classname="edu.jsu.mcis.ArgumentParserTest" time="0.0"/>
  <testcase name="testMutuallyExclusiveOptionalArguments" classname="edu.jsu.mcis.ArgumentParserTest" time="0.0"/>
  <testcase name="testGetInvalidGroupNumber" classname="edu.jsu.mcis.ArgumentParserTest" time="0.0"/>
  <testcase name="testCatchWrongDataTypeForInteger" classname="edu.jsu.mcis.ArgumentParserTest" time="0.0"/>
  <testcase name="testOptionText" classname="edu.jsu.mcis.ArgumentParserTest" time="0.0"/>
  <testcase name="testMutualGroups" classname="edu.jsu.mcis.ArgumentParserTest" time="0.0"/>
  <testcase name="testAddProgram" classname="edu.jsu.mcis.ArgumentParserTest" time="0.0"/>
  <testcase name="testaddRestrictedArgumentValues" classname="edu.jsu.mcis.ArgumentParserTest" time="0.0"/>
  <testcase name="testAllArgumentStylesCombined" classname="edu.jsu.mcis.ArgumentParserTest" time="0.0"/>
  <testcase name="testParseSingleArgument" classname="edu.jsu.mcis.ArgumentParserTest" time="0.0"/>
  <testcase name="testParseRestrictedOptionalArgumentValues" classname="edu.jsu.mcis.ArgumentParserTest" time="0.0"/>
  <testcase name="testOptionalArgumentDescription" classname="edu.jsu.mcis.ArgumentParserTest" time="0.0"/>
  <testcase name="testAddArgDataTypes" classname="edu.jsu.mcis.ArgumentParserTest" time="0.0"/>
  <testcase name="testGetOptionalArgumentDataType" classname="edu.jsu.mcis.ArgumentParserTest" time="0.0"/>
  <testcase name="testSetDefaultValue" classname="edu.jsu.mcis.ArgumentParserTest" time="0.0"/>
  <testcase name="testCatchWrongDataTypeForFloat" classname="edu.jsu.mcis.ArgumentParserTest" time="0.0"/>
  <testcase name="testMutallyExclusiveAndNotMutallyExclusiveOptionalArguments" classname="edu.jsu.mcis.ArgumentParserTest" time="0.0"/>
  <testcase name="testOptionalArgumentOverrideDefaultValue" classname="edu.jsu.mcis.ArgumentParserTest" time="0.0"/>
  <testcase name="testNotEnoughArgumentValues" classname="edu.jsu.mcis.ArgumentParserTest" time="0.0"/>
  <system-out><![CDATA[usage: java VolCalc length width height 
Calculate the volume of a box
Positional Arguments:
length integer & restricted to: 3 4 5		the length of the box
width float		the width of the box
height float		the height of the box

Optional Arguments:
--help -h boolean		
--type -t string required & restricted to: box pyramid mutual exclusive group: 1		
--what string mutual exclusive group: 2		
--verbose boolean mutual exclusive group: 1		
--quiet boolean mutual exclusive group: 2		

usage: java Volcalc length width height 
Calculates some volume
Positional Arguments:
length string		
width string		
height string		

Optional Arguments:
--help -h boolean		
--type string		
--actor string		

usage: java VolCalc length width height 
Calculate the volume of a box
Positional Arguments:
length integer		the length of the box
width float		the width of the box
height float		the height of the box

Optional Arguments:
--help -h boolean		

usage: java Volcalc 
Calculates some volume
Positional Arguments:

Optional Arguments:
--help -h boolean		
--verbose string mutual exclusive group: 1		
--quiet string mutual exclusive group: 2		
--type string mutual exclusive group: 1		
--what string mutual exclusive group: 2		

]]></system-out>
  <system-err><![CDATA[]]></system-err>
</testsuite>
