<?xml version="1.0" encoding="UTF-8"?>
<testsuite name="edu.jsu.mcis.ArgumentTest" tests="5" skipped="0" failures="0" errors="0" timestamp="2014-10-16T20:23:04" hostname="AH259-06" time="0.006">
  <properties/>
  <testcase name="testToString" classname="edu.jsu.mcis.ArgumentTest" time="0.0"/>
  <testcase name="testToStringWithOverloadedConstructor" classname="edu.jsu.mcis.ArgumentTest" time="0.001"/>
  <testcase name="testOverloadedConstructor" classname="edu.jsu.mcis.ArgumentTest" time="0.0"/>
  <testcase name="testHashCode" classname="edu.jsu.mcis.ArgumentTest" time="0.001"/>
  <testcase name="testEquals" classname="edu.jsu.mcis.ArgumentTest" time="0.0"/>
  <system-out><![CDATA[]]></system-out>
  <system-err><![CDATA[]]></system-err>
</testsuite>
