<?xml version="1.0" encoding="UTF-8"?>
<testsuite name="edu.jsu.mcis.ArgumentParserTest" tests="6" skipped="0" failures="0" errors="0" timestamp="2014-10-02T18:19:53" hostname="SeeZeR" time="0.005">
  <properties/>
  <testcase name="testAddMultipleArguments" classname="edu.jsu.mcis.ArgumentParserTest" time="0.001"/>
  <testcase name="testNotEnoughArguments" classname="edu.jsu.mcis.ArgumentParserTest" time="0.003"/>
  <testcase name="testAddSingleArgument" classname="edu.jsu.mcis.ArgumentParserTest" time="0.0"/>
  <testcase name="testTooManyArguments" classname="edu.jsu.mcis.ArgumentParserTest" time="0.0"/>
  <testcase name="testVolCalc" classname="edu.jsu.mcis.ArgumentParserTest" time="0.0"/>
  <testcase name="testParseSingleArgument" classname="edu.jsu.mcis.ArgumentParserTest" time="0.0"/>
  <system-out><![CDATA[]]></system-out>
  <system-err><![CDATA[]]></system-err>
</testsuite>
