<?xml version="1.0" encoding="UTF-8"?>
<testsuite name="edu.jsu.mcis.XMLParserTest" tests="10" skipped="0" failures="0" errors="0" timestamp="2014-12-04T03:22:11" hostname="ALIX" time="0.062">
  <properties/>
  <testcase name="testRestricted" classname="edu.jsu.mcis.XMLParserTest" time="0.016"/>
  <testcase name="testRequiredOptionalArguments" classname="edu.jsu.mcis.XMLParserTest" time="0.0"/>
  <testcase name="testXMLParsingArguments" classname="edu.jsu.mcis.XMLParserTest" time="0.0"/>
  <testcase name="testXMLMultipleValues" classname="edu.jsu.mcis.XMLParserTest" time="0.0"/>
  <testcase name="testXMLMutualGroups" classname="edu.jsu.mcis.XMLParserTest" time="0.015"/>
  <testcase name="testXMLParserOptionalTypes" classname="edu.jsu.mcis.XMLParserTest" time="0.016"/>
  <testcase name="testXMLParsingOptional" classname="edu.jsu.mcis.XMLParserTest" time="0.0"/>
  <testcase name="testXMLParserTypes" classname="edu.jsu.mcis.XMLParserTest" time="0.0"/>
  <testcase name="testXMLRequired" classname="edu.jsu.mcis.XMLParserTest" time="0.015"/>
  <testcase name="testXMLHelp" classname="edu.jsu.mcis.XMLParserTest" time="0.0"/>
  <system-out><![CDATA[usage: java null length width height booleanTest 
null
Positional Arguments:
length float		length of the box
width string		width of the box
height string		height of the box
booleanTest boolean		height of the box

Optional Arguments:
--help, -h boolean		
--type, -t string		Type of shape
--int, -t string		Type of shape
--float, -t float		Type of shape

SAXException : xml not well formed
IO error
usage: java null length width height 
null
Positional Arguments:
length float		length of the box
width float		width of the box
height float & restricted to: 3.0 2.0 5.0		height of the box

Optional Arguments:
--help, -h boolean		
--type, -t string mutual exclusive group: 2		Garrett is awesome!
--req, -r string required		tester argument
--boss, -b string mutual exclusive group: 1		tester argumen

usage: java null length width height 
null
Positional Arguments:
length float		length of the box
width float		width of the box
height float & restricted to: 3.0 2.0 5.0		height of the box

Optional Arguments:
--help, -h boolean		
--type, -t string mutual exclusive group: 2		Garrett is awesome!
--req, -r string required		tester argument
--boss, -b string mutual exclusive group: 1		tester argumen

]]></system-out>
  <system-err><![CDATA[edu.jsu.mcis.InvalidGroupException: The following argument is part of the excluded group boss
	at edu.jsu.mcis.ArgumentParser.parse(ArgumentParser.java:579)
	at edu.jsu.mcis.XMLParserTest.testXMLMutualGroups(XMLParserTest.java:25)
	at sun.reflect.NativeMethodAccessorImpl.invoke0(Native Method)
	at sun.reflect.NativeMethodAccessorImpl.invoke(NativeMethodAccessorImpl.java:62)
	at sun.reflect.DelegatingMethodAccessorImpl.invoke(DelegatingMethodAccessorImpl.java:43)
	at java.lang.reflect.Method.invoke(Method.java:483)
	at org.junit.runners.model.FrameworkMethod$1.runReflectiveCall(FrameworkMethod.java:50)
	at org.junit.internal.runners.model.ReflectiveCallable.run(ReflectiveCallable.java:12)
	at org.junit.runners.model.FrameworkMethod.invokeExplosively(FrameworkMethod.java:47)
	at org.junit.internal.runners.statements.InvokeMethod.evaluate(InvokeMethod.java:17)
	at org.junit.runners.ParentRunner.runLeaf(ParentRunner.java:325)
	at org.junit.runners.BlockJUnit4ClassRunner.runChild(BlockJUnit4ClassRunner.java:78)
	at org.junit.runners.BlockJUnit4ClassRunner.runChild(BlockJUnit4ClassRunner.java:57)
	at org.junit.runners.ParentRunner$3.run(ParentRunner.java:290)
	at org.junit.runners.ParentRunner$1.schedule(ParentRunner.java:71)
	at org.junit.runners.ParentRunner.runChildren(ParentRunner.java:288)
	at org.junit.runners.ParentRunner.access$000(ParentRunner.java:58)
	at org.junit.runners.ParentRunner$2.evaluate(ParentRunner.java:268)
	at org.junit.runners.ParentRunner.run(ParentRunner.java:363)
	at org.gradle.api.internal.tasks.testing.junit.JUnitTestClassExecuter.runTestClass(JUnitTestClassExecuter.java:86)
	at org.gradle.api.internal.tasks.testing.junit.JUnitTestClassExecuter.execute(JUnitTestClassExecuter.java:49)
	at org.gradle.api.internal.tasks.testing.junit.JUnitTestClassProcessor.processTestClass(JUnitTestClassProcessor.java:69)
	at org.gradle.api.internal.tasks.testing.SuiteTestClassProcessor.processTestClass(SuiteTestClassProcessor.java:48)
	at sun.reflect.NativeMethodAccessorImpl.invoke0(Native Method)
	at sun.reflect.NativeMethodAccessorImpl.invoke(NativeMethodAccessorImpl.java:62)
	at sun.reflect.DelegatingMethodAccessorImpl.invoke(DelegatingMethodAccessorImpl.java:43)
	at java.lang.reflect.Method.invoke(Method.java:483)
	at org.gradle.messaging.dispatch.ReflectionDispatch.dispatch(ReflectionDispatch.java:35)
	at org.gradle.messaging.dispatch.ReflectionDispatch.dispatch(ReflectionDispatch.java:24)
	at org.gradle.messaging.dispatch.ContextClassLoaderDispatch.dispatch(ContextClassLoaderDispatch.java:32)
	at org.gradle.messaging.dispatch.ProxyDispatchAdapter$DispatchingInvocationHandler.invoke(ProxyDispatchAdapter.java:93)
	at com.sun.proxy.$Proxy2.processTestClass(Unknown Source)
	at org.gradle.api.internal.tasks.testing.worker.TestWorker.processTestClass(TestWorker.java:105)
	at sun.reflect.NativeMethodAccessorImpl.invoke0(Native Method)
	at sun.reflect.NativeMethodAccessorImpl.invoke(NativeMethodAccessorImpl.java:62)
	at sun.reflect.DelegatingMethodAccessorImpl.invoke(DelegatingMethodAccessorImpl.java:43)
	at java.lang.reflect.Method.invoke(Method.java:483)
	at org.gradle.messaging.dispatch.ReflectionDispatch.dispatch(ReflectionDispatch.java:35)
	at org.gradle.messaging.dispatch.ReflectionDispatch.dispatch(ReflectionDispatch.java:24)
	at org.gradle.messaging.remote.internal.hub.MessageHub$Handler.run(MessageHub.java:355)
	at org.gradle.internal.concurrent.DefaultExecutorFactory$StoppableExecutorImpl$1.run(DefaultExecutorFactory.java:64)
	at java.util.concurrent.ThreadPoolExecutor.runWorker(ThreadPoolExecutor.java:1142)
	at java.util.concurrent.ThreadPoolExecutor$Worker.run(ThreadPoolExecutor.java:617)
	at java.lang.Thread.run(Thread.java:745)
]]></system-err>
</testsuite>
